2024-08-13 22:11:51 | [34mINFO [0;39m | [1;33mrestartedMain[0;39m | [1;32mcom.example.wangjian.syslog1.SysLog1Application[0;39m | Starting SysLog1Application on SK-20231010BXRV with PID 6872 (D:\works\sys-log1-807\sys-log1\target\classes started by Administrator in D:\works\sys-log1-807\sys-log1)
2024-08-13 22:11:51 | [34mINFO [0;39m | [1;33mrestartedMain[0;39m | [1;32mcom.example.wangjian.syslog1.SysLog1Application[0;39m | The following profiles are active: prd
2024-08-13 22:11:51 | [34mINFO [0;39m | [1;33mrestartedMain[0;39m | [1;32morg.springframework.boot.devtools.env.DevToolsPropertyDefaultsPostProcessor[0;39m | Devtools property defaults active! Set 'spring.devtools.add-properties' to 'false' to disable
2024-08-13 22:11:51 | [34mINFO [0;39m | [1;33mrestartedMain[0;39m | [1;32morg.springframework.boot.devtools.env.DevToolsPropertyDefaultsPostProcessor[0;39m | For additional web related logging consider setting the 'logging.level.web' property to 'DEBUG'
2024-08-13 22:11:52 | [34mINFO [0;39m | [1;33mrestartedMain[0;39m | [1;32morg.springframework.boot.web.embedded.tomcat.TomcatWebServer[0;39m | Tomcat initialized with port(s): 8331 (http)
2024-08-13 22:11:52 | [34mINFO [0;39m | [1;33mrestartedMain[0;39m | [1;32morg.apache.coyote.http11.Http11NioProtocol[0;39m | Initializing ProtocolHandler ["http-nio-8331"]
2024-08-13 22:11:52 | [34mINFO [0;39m | [1;33mrestartedMain[0;39m | [1;32morg.apache.catalina.core.StandardService[0;39m | Starting service [Tomcat]
2024-08-13 22:11:52 | [34mINFO [0;39m | [1;33mrestartedMain[0;39m | [1;32morg.apache.catalina.core.StandardEngine[0;39m | Starting Servlet engine: [Apache Tomcat/9.0.33]
2024-08-13 22:11:52 | [34mINFO [0;39m | [1;33mrestartedMain[0;39m | [1;32morg.apache.jasper.servlet.TldScanner[0;39m | At least one JAR was scanned for TLDs yet contained no TLDs. Enable debug logging for this logger for a complete list of JARs that were scanned but no TLDs were found in them. Skipping unneeded JARs during scanning can improve startup time and JSP compilation time.
2024-08-13 22:11:52 | [34mINFO [0;39m | [1;33mrestartedMain[0;39m | [1;32morg.apache.catalina.core.ContainerBase.[Tomcat].[localhost].[/log][0;39m | Initializing Spring embedded WebApplicationContext
2024-08-13 22:11:52 | [34mINFO [0;39m | [1;33mrestartedMain[0;39m | [1;32morg.springframework.boot.web.servlet.context.ServletWebServerApplicationContext[0;39m | Root WebApplicationContext: initialization completed in 771 ms
2024-08-13 22:11:52 | [34mINFO [0;39m | [1;33mrestartedMain[0;39m | [1;32morg.springframework.scheduling.concurrent.ThreadPoolTaskExecutor[0;39m | Initializing ExecutorService 'taskExecutor'
2024-08-13 22:11:52 | [34mINFO [0;39m | [1;33mrestartedMain[0;39m | [1;32morg.springframework.boot.autoconfigure.web.servlet.WelcomePageHandlerMapping[0;39m | Adding welcome page template: index
2024-08-13 22:11:52 | [34mINFO [0;39m | [1;33mrestartedMain[0;39m | [1;32morg.springframework.boot.devtools.autoconfigure.OptionalLiveReloadServer[0;39m | LiveReload server is running on port 35729
2024-08-13 22:11:52 | [34mINFO [0;39m | [1;33mrestartedMain[0;39m | [1;32morg.apache.coyote.http11.Http11NioProtocol[0;39m | Starting ProtocolHandler ["http-nio-8331"]
2024-08-13 22:11:52 | [34mINFO [0;39m | [1;33mrestartedMain[0;39m | [1;32morg.springframework.boot.web.embedded.tomcat.TomcatWebServer[0;39m | Tomcat started on port(s): 8331 (http) with context path '/log'
2024-08-13 22:11:52 | [34mINFO [0;39m | [1;33mrestartedMain[0;39m | [1;32mcom.example.wangjian.syslog1.SysLog1Application[0;39m | Started SysLog1Application in 1.445 seconds (JVM running for 1.812)
2024-08-13 22:12:02 | [34mINFO [0;39m | [1;33mSpringContextShutdownHook[0;39m | [1;32morg.springframework.scheduling.concurrent.ThreadPoolTaskExecutor[0;39m | Shutting down ExecutorService 'taskExecutor'
2024-08-13 22:12:04 | [34mINFO [0;39m | [1;33mrestartedMain[0;39m | [1;32mcom.example.wangjian.syslog1.SysLog1Application[0;39m | Starting SysLog1Application on SK-20231010BXRV with PID 8492 (D:\works\sys-log1-807\sys-log1\target\classes started by Administrator in D:\works\sys-log1-807\sys-log1)
2024-08-13 22:12:04 | [34mINFO [0;39m | [1;33mrestartedMain[0;39m | [1;32mcom.example.wangjian.syslog1.SysLog1Application[0;39m | The following profiles are active: tst
2024-08-13 22:12:04 | [34mINFO [0;39m | [1;33mrestartedMain[0;39m | [1;32morg.springframework.boot.devtools.env.DevToolsPropertyDefaultsPostProcessor[0;39m | Devtools property defaults active! Set 'spring.devtools.add-properties' to 'false' to disable
2024-08-13 22:12:04 | [34mINFO [0;39m | [1;33mrestartedMain[0;39m | [1;32morg.springframework.boot.devtools.env.DevToolsPropertyDefaultsPostProcessor[0;39m | For additional web related logging consider setting the 'logging.level.web' property to 'DEBUG'
2024-08-13 22:12:05 | [34mINFO [0;39m | [1;33mrestartedMain[0;39m | [1;32morg.springframework.boot.web.embedded.tomcat.TomcatWebServer[0;39m | Tomcat initialized with port(s): 8331 (http)
2024-08-13 22:12:05 | [34mINFO [0;39m | [1;33mrestartedMain[0;39m | [1;32morg.apache.coyote.http11.Http11NioProtocol[0;39m | Initializing ProtocolHandler ["http-nio-8331"]
2024-08-13 22:12:05 | [34mINFO [0;39m | [1;33mrestartedMain[0;39m | [1;32morg.apache.catalina.core.StandardService[0;39m | Starting service [Tomcat]
2024-08-13 22:12:05 | [34mINFO [0;39m | [1;33mrestartedMain[0;39m | [1;32morg.apache.catalina.core.StandardEngine[0;39m | Starting Servlet engine: [Apache Tomcat/9.0.33]
2024-08-13 22:12:05 | [34mINFO [0;39m | [1;33mrestartedMain[0;39m | [1;32morg.apache.jasper.servlet.TldScanner[0;39m | At least one JAR was scanned for TLDs yet contained no TLDs. Enable debug logging for this logger for a complete list of JARs that were scanned but no TLDs were found in them. Skipping unneeded JARs during scanning can improve startup time and JSP compilation time.
2024-08-13 22:12:05 | [34mINFO [0;39m | [1;33mrestartedMain[0;39m | [1;32morg.apache.catalina.core.ContainerBase.[Tomcat].[localhost].[/log][0;39m | Initializing Spring embedded WebApplicationContext
2024-08-13 22:12:05 | [34mINFO [0;39m | [1;33mrestartedMain[0;39m | [1;32morg.springframework.boot.web.servlet.context.ServletWebServerApplicationContext[0;39m | Root WebApplicationContext: initialization completed in 777 ms
2024-08-13 22:12:05 | [34mINFO [0;39m | [1;33mrestartedMain[0;39m | [1;32morg.springframework.scheduling.concurrent.ThreadPoolTaskExecutor[0;39m | Initializing ExecutorService 'taskExecutor'
2024-08-13 22:12:05 | [34mINFO [0;39m | [1;33mrestartedMain[0;39m | [1;32morg.springframework.boot.autoconfigure.web.servlet.WelcomePageHandlerMapping[0;39m | Adding welcome page template: index
2024-08-13 22:12:05 | [34mINFO [0;39m | [1;33mrestartedMain[0;39m | [1;32morg.springframework.boot.devtools.autoconfigure.OptionalLiveReloadServer[0;39m | LiveReload server is running on port 35729
2024-08-13 22:12:05 | [34mINFO [0;39m | [1;33mrestartedMain[0;39m | [1;32morg.apache.coyote.http11.Http11NioProtocol[0;39m | Starting ProtocolHandler ["http-nio-8331"]
2024-08-13 22:12:05 | [34mINFO [0;39m | [1;33mrestartedMain[0;39m | [1;32morg.springframework.boot.web.embedded.tomcat.TomcatWebServer[0;39m | Tomcat started on port(s): 8331 (http) with context path '/log'
2024-08-13 22:12:05 | [34mINFO [0;39m | [1;33mrestartedMain[0;39m | [1;32mcom.example.wangjian.syslog1.SysLog1Application[0;39m | Started SysLog1Application in 1.46 seconds (JVM running for 1.795)
2024-08-13 22:12:19 | [34mINFO [0;39m | [1;33mhttp-nio-8331-exec-1[0;39m | [1;32morg.apache.catalina.core.ContainerBase.[Tomcat].[localhost].[/log][0;39m | Initializing Spring DispatcherServlet 'dispatcherServlet'
2024-08-13 22:12:19 | [34mINFO [0;39m | [1;33mhttp-nio-8331-exec-1[0;39m | [1;32morg.springframework.web.servlet.DispatcherServlet[0;39m | Initializing Servlet 'dispatcherServlet'
2024-08-13 22:12:19 | [34mINFO [0;39m | [1;33mhttp-nio-8331-exec-1[0;39m | [1;32morg.springframework.web.servlet.DispatcherServlet[0;39m | Completed initialization in 4 ms
2024-08-13 22:14:55 | [34mINFO [0;39m | [1;33mThread-8[0;39m | [1;32morg.springframework.scheduling.concurrent.ThreadPoolTaskExecutor[0;39m | Shutting down ExecutorService 'taskExecutor'
2024-08-13 22:15:06 | [34mINFO [0;39m | [1;33mrestartedMain[0;39m | [1;32mcom.example.wangjian.syslog1.SysLog1Application[0;39m | Starting SysLog1Application on SK-20231010BXRV with PID 276 (D:\works\sys-log1-807\sys-log1\target\classes started by Administrator in D:\works\sys-log1-807\sys-log1)
2024-08-13 22:15:06 | [34mINFO [0;39m | [1;33mrestartedMain[0;39m | [1;32mcom.example.wangjian.syslog1.SysLog1Application[0;39m | The following profiles are active: tst
2024-08-13 22:15:06 | [34mINFO [0;39m | [1;33mrestartedMain[0;39m | [1;32morg.springframework.boot.devtools.env.DevToolsPropertyDefaultsPostProcessor[0;39m | Devtools property defaults active! Set 'spring.devtools.add-properties' to 'false' to disable
2024-08-13 22:15:06 | [34mINFO [0;39m | [1;33mrestartedMain[0;39m | [1;32morg.springframework.boot.devtools.env.DevToolsPropertyDefaultsPostProcessor[0;39m | For additional web related logging consider setting the 'logging.level.web' property to 'DEBUG'
2024-08-13 22:15:06 | [34mINFO [0;39m | [1;33mrestartedMain[0;39m | [1;32morg.springframework.boot.web.embedded.tomcat.TomcatWebServer[0;39m | Tomcat initialized with port(s): 8331 (http)
2024-08-13 22:15:06 | [34mINFO [0;39m | [1;33mrestartedMain[0;39m | [1;32morg.apache.coyote.http11.Http11NioProtocol[0;39m | Initializing ProtocolHandler ["http-nio-8331"]
2024-08-13 22:15:06 | [34mINFO [0;39m | [1;33mrestartedMain[0;39m | [1;32morg.apache.catalina.core.StandardService[0;39m | Starting service [Tomcat]
2024-08-13 22:15:06 | [34mINFO [0;39m | [1;33mrestartedMain[0;39m | [1;32morg.apache.catalina.core.StandardEngine[0;39m | Starting Servlet engine: [Apache Tomcat/9.0.33]
2024-08-13 22:15:07 | [34mINFO [0;39m | [1;33mrestartedMain[0;39m | [1;32morg.apache.jasper.servlet.TldScanner[0;39m | At least one JAR was scanned for TLDs yet contained no TLDs. Enable debug logging for this logger for a complete list of JARs that were scanned but no TLDs were found in them. Skipping unneeded JARs during scanning can improve startup time and JSP compilation time.
2024-08-13 22:15:07 | [34mINFO [0;39m | [1;33mrestartedMain[0;39m | [1;32morg.apache.catalina.core.ContainerBase.[Tomcat].[localhost].[/log][0;39m | Initializing Spring embedded WebApplicationContext
2024-08-13 22:15:07 | [34mINFO [0;39m | [1;33mrestartedMain[0;39m | [1;32morg.springframework.boot.web.servlet.context.ServletWebServerApplicationContext[0;39m | Root WebApplicationContext: initialization completed in 737 ms
2024-08-13 22:15:07 | [34mINFO [0;39m | [1;33mrestartedMain[0;39m | [1;32morg.springframework.scheduling.concurrent.ThreadPoolTaskExecutor[0;39m | Initializing ExecutorService 'taskExecutor'
2024-08-13 22:15:07 | [34mINFO [0;39m | [1;33mrestartedMain[0;39m | [1;32morg.springframework.boot.autoconfigure.web.servlet.WelcomePageHandlerMapping[0;39m | Adding welcome page template: index
2024-08-13 22:15:07 | [34mINFO [0;39m | [1;33mrestartedMain[0;39m | [1;32morg.springframework.boot.devtools.autoconfigure.OptionalLiveReloadServer[0;39m | LiveReload server is running on port 35729
2024-08-13 22:15:07 | [34mINFO [0;39m | [1;33mrestartedMain[0;39m | [1;32morg.apache.coyote.http11.Http11NioProtocol[0;39m | Starting ProtocolHandler ["http-nio-8331"]
2024-08-13 22:15:07 | [34mINFO [0;39m | [1;33mrestartedMain[0;39m | [1;32morg.springframework.boot.web.embedded.tomcat.TomcatWebServer[0;39m | Tomcat started on port(s): 8331 (http) with context path '/log'
2024-08-13 22:15:07 | [34mINFO [0;39m | [1;33mrestartedMain[0;39m | [1;32mcom.example.wangjian.syslog1.SysLog1Application[0;39m | Started SysLog1Application in 1.437 seconds (JVM running for 1.778)
2024-08-13 22:15:10 | [34mINFO [0;39m | [1;33mhttp-nio-8331-exec-1[0;39m | [1;32morg.apache.catalina.core.ContainerBase.[Tomcat].[localhost].[/log][0;39m | Initializing Spring DispatcherServlet 'dispatcherServlet'
2024-08-13 22:15:10 | [34mINFO [0;39m | [1;33mhttp-nio-8331-exec-1[0;39m | [1;32morg.springframework.web.servlet.DispatcherServlet[0;39m | Initializing Servlet 'dispatcherServlet'
2024-08-13 22:15:10 | [34mINFO [0;39m | [1;33mhttp-nio-8331-exec-1[0;39m | [1;32morg.springframework.web.servlet.DispatcherServlet[0;39m | Completed initialization in 4 ms
2024-08-13 22:16:22 | [34mINFO [0;39m | [1;33mThread-8[0;39m | [1;32morg.springframework.scheduling.concurrent.ThreadPoolTaskExecutor[0;39m | Shutting down ExecutorService 'taskExecutor'
2024-08-13 22:19:04 | [34mINFO [0;39m | [1;33mrestartedMain[0;39m | [1;32mcom.example.wangjian.syslog1.SysLog1Application[0;39m | Starting SysLog1Application on SK-20231010BXRV with PID 5448 (D:\works\sys-log1-807\sys-log1\target\classes started by Administrator in D:\works\sys-log1-807\sys-log1)
2024-08-13 22:19:04 | [34mINFO [0;39m | [1;33mrestartedMain[0;39m | [1;32mcom.example.wangjian.syslog1.SysLog1Application[0;39m | The following profiles are active: tst
2024-08-13 22:19:04 | [34mINFO [0;39m | [1;33mrestartedMain[0;39m | [1;32morg.springframework.boot.devtools.env.DevToolsPropertyDefaultsPostProcessor[0;39m | Devtools property defaults active! Set 'spring.devtools.add-properties' to 'false' to disable
2024-08-13 22:19:04 | [34mINFO [0;39m | [1;33mrestartedMain[0;39m | [1;32morg.springframework.boot.devtools.env.DevToolsPropertyDefaultsPostProcessor[0;39m | For additional web related logging consider setting the 'logging.level.web' property to 'DEBUG'
2024-08-13 22:19:05 | [34mINFO [0;39m | [1;33mrestartedMain[0;39m | [1;32morg.springframework.boot.web.embedded.tomcat.TomcatWebServer[0;39m | Tomcat initialized with port(s): 8331 (http)
2024-08-13 22:19:05 | [34mINFO [0;39m | [1;33mrestartedMain[0;39m | [1;32morg.apache.coyote.http11.Http11NioProtocol[0;39m | Initializing ProtocolHandler ["http-nio-8331"]
2024-08-13 22:19:05 | [34mINFO [0;39m | [1;33mrestartedMain[0;39m | [1;32morg.apache.catalina.core.StandardService[0;39m | Starting service [Tomcat]
2024-08-13 22:19:05 | [34mINFO [0;39m | [1;33mrestartedMain[0;39m | [1;32morg.apache.catalina.core.StandardEngine[0;39m | Starting Servlet engine: [Apache Tomcat/9.0.33]
2024-08-13 22:19:05 | [34mINFO [0;39m | [1;33mrestartedMain[0;39m | [1;32morg.apache.jasper.servlet.TldScanner[0;39m | At least one JAR was scanned for TLDs yet contained no TLDs. Enable debug logging for this logger for a complete list of JARs that were scanned but no TLDs were found in them. Skipping unneeded JARs during scanning can improve startup time and JSP compilation time.
2024-08-13 22:19:05 | [34mINFO [0;39m | [1;33mrestartedMain[0;39m | [1;32morg.apache.catalina.core.ContainerBase.[Tomcat].[localhost].[/log][0;39m | Initializing Spring embedded WebApplicationContext
2024-08-13 22:19:05 | [34mINFO [0;39m | [1;33mrestartedMain[0;39m | [1;32morg.springframework.boot.web.servlet.context.ServletWebServerApplicationContext[0;39m | Root WebApplicationContext: initialization completed in 738 ms
2024-08-13 22:19:05 | [34mINFO [0;39m | [1;33mrestartedMain[0;39m | [1;32morg.springframework.scheduling.concurrent.ThreadPoolTaskExecutor[0;39m | Initializing ExecutorService 'taskExecutor'
2024-08-13 22:19:06 | [34mINFO [0;39m | [1;33mrestartedMain[0;39m | [1;32morg.springframework.boot.autoconfigure.web.servlet.WelcomePageHandlerMapping[0;39m | Adding welcome page template: index
2024-08-13 22:19:06 | [34mINFO [0;39m | [1;33mrestartedMain[0;39m | [1;32morg.springframework.boot.devtools.autoconfigure.OptionalLiveReloadServer[0;39m | LiveReload server is running on port 35729
2024-08-13 22:19:06 | [34mINFO [0;39m | [1;33mrestartedMain[0;39m | [1;32morg.apache.coyote.http11.Http11NioProtocol[0;39m | Starting ProtocolHandler ["http-nio-8331"]
2024-08-13 22:19:06 | [34mINFO [0;39m | [1;33mrestartedMain[0;39m | [1;32morg.springframework.boot.web.embedded.tomcat.TomcatWebServer[0;39m | Tomcat started on port(s): 8331 (http) with context path '/log'
2024-08-13 22:19:06 | [34mINFO [0;39m | [1;33mrestartedMain[0;39m | [1;32mcom.example.wangjian.syslog1.SysLog1Application[0;39m | Started SysLog1Application in 1.422 seconds (JVM running for 1.766)
2024-08-13 22:19:08 | [34mINFO [0;39m | [1;33mhttp-nio-8331-exec-1[0;39m | [1;32morg.apache.catalina.core.ContainerBase.[Tomcat].[localhost].[/log][0;39m | Initializing Spring DispatcherServlet 'dispatcherServlet'
2024-08-13 22:19:08 | [34mINFO [0;39m | [1;33mhttp-nio-8331-exec-1[0;39m | [1;32morg.springframework.web.servlet.DispatcherServlet[0;39m | Initializing Servlet 'dispatcherServlet'
2024-08-13 22:19:08 | [34mINFO [0;39m | [1;33mhttp-nio-8331-exec-1[0;39m | [1;32morg.springframework.web.servlet.DispatcherServlet[0;39m | Completed initialization in 4 ms
2024-08-13 22:20:09 | [34mINFO [0;39m | [1;33mThread-7[0;39m | [1;32morg.springframework.scheduling.concurrent.ThreadPoolTaskExecutor[0;39m | Shutting down ExecutorService 'taskExecutor'
2024-08-13 22:20:22 | [34mINFO [0;39m | [1;33mrestartedMain[0;39m | [1;32mcom.example.wangjian.syslog1.SysLog1Application[0;39m | Starting SysLog1Application on SK-20231010BXRV with PID 524 (D:\works\sys-log1-807\sys-log1\target\classes started by Administrator in D:\works\sys-log1-807\sys-log1)
2024-08-13 22:20:22 | [34mINFO [0;39m | [1;33mrestartedMain[0;39m | [1;32mcom.example.wangjian.syslog1.SysLog1Application[0;39m | The following profiles are active: tst
2024-08-13 22:20:22 | [34mINFO [0;39m | [1;33mrestartedMain[0;39m | [1;32morg.springframework.boot.devtools.env.DevToolsPropertyDefaultsPostProcessor[0;39m | Devtools property defaults active! Set 'spring.devtools.add-properties' to 'false' to disable
2024-08-13 22:20:22 | [34mINFO [0;39m | [1;33mrestartedMain[0;39m | [1;32morg.springframework.boot.devtools.env.DevToolsPropertyDefaultsPostProcessor[0;39m | For additional web related logging consider setting the 'logging.level.web' property to 'DEBUG'
2024-08-13 22:20:22 | [34mINFO [0;39m | [1;33mrestartedMain[0;39m | [1;32morg.springframework.boot.web.embedded.tomcat.TomcatWebServer[0;39m | Tomcat initialized with port(s): 8331 (http)
2024-08-13 22:20:22 | [34mINFO [0;39m | [1;33mrestartedMain[0;39m | [1;32morg.apache.coyote.http11.Http11NioProtocol[0;39m | Initializing ProtocolHandler ["http-nio-8331"]
2024-08-13 22:20:22 | [34mINFO [0;39m | [1;33mrestartedMain[0;39m | [1;32morg.apache.catalina.core.StandardService[0;39m | Starting service [Tomcat]
2024-08-13 22:20:22 | [34mINFO [0;39m | [1;33mrestartedMain[0;39m | [1;32morg.apache.catalina.core.StandardEngine[0;39m | Starting Servlet engine: [Apache Tomcat/9.0.33]
2024-08-13 22:20:22 | [34mINFO [0;39m | [1;33mrestartedMain[0;39m | [1;32morg.apache.jasper.servlet.TldScanner[0;39m | At least one JAR was scanned for TLDs yet contained no TLDs. Enable debug logging for this logger for a complete list of JARs that were scanned but no TLDs were found in them. Skipping unneeded JARs during scanning can improve startup time and JSP compilation time.
2024-08-13 22:20:22 | [34mINFO [0;39m | [1;33mrestartedMain[0;39m | [1;32morg.apache.catalina.core.ContainerBase.[Tomcat].[localhost].[/log][0;39m | Initializing Spring embedded WebApplicationContext
2024-08-13 22:20:22 | [34mINFO [0;39m | [1;33mrestartedMain[0;39m | [1;32morg.springframework.boot.web.servlet.context.ServletWebServerApplicationContext[0;39m | Root WebApplicationContext: initialization completed in 748 ms
2024-08-13 22:20:23 | [34mINFO [0;39m | [1;33mrestartedMain[0;39m | [1;32morg.springframework.scheduling.concurrent.ThreadPoolTaskExecutor[0;39m | Initializing ExecutorService 'taskExecutor'
2024-08-13 22:20:23 | [34mINFO [0;39m | [1;33mrestartedMain[0;39m | [1;32morg.springframework.boot.autoconfigure.web.servlet.WelcomePageHandlerMapping[0;39m | Adding welcome page template: index
2024-08-13 22:20:23 | [34mINFO [0;39m | [1;33mrestartedMain[0;39m | [1;32morg.springframework.boot.devtools.autoconfigure.OptionalLiveReloadServer[0;39m | LiveReload server is running on port 35729
2024-08-13 22:20:23 | [34mINFO [0;39m | [1;33mrestartedMain[0;39m | [1;32morg.apache.coyote.http11.Http11NioProtocol[0;39m | Starting ProtocolHandler ["http-nio-8331"]
2024-08-13 22:20:23 | [34mINFO [0;39m | [1;33mrestartedMain[0;39m | [1;32morg.springframework.boot.web.embedded.tomcat.TomcatWebServer[0;39m | Tomcat started on port(s): 8331 (http) with context path '/log'
2024-08-13 22:20:23 | [34mINFO [0;39m | [1;33mrestartedMain[0;39m | [1;32mcom.example.wangjian.syslog1.SysLog1Application[0;39m | Started SysLog1Application in 1.418 seconds (JVM running for 1.769)
2024-08-13 22:20:26 | [34mINFO [0;39m | [1;33mhttp-nio-8331-exec-1[0;39m | [1;32morg.apache.catalina.core.ContainerBase.[Tomcat].[localhost].[/log][0;39m | Initializing Spring DispatcherServlet 'dispatcherServlet'
2024-08-13 22:20:26 | [34mINFO [0;39m | [1;33mhttp-nio-8331-exec-1[0;39m | [1;32morg.springframework.web.servlet.DispatcherServlet[0;39m | Initializing Servlet 'dispatcherServlet'
2024-08-13 22:20:26 | [34mINFO [0;39m | [1;33mhttp-nio-8331-exec-1[0;39m | [1;32morg.springframework.web.servlet.DispatcherServlet[0;39m | Completed initialization in 3 ms
2024-08-13 22:27:16 | [34mINFO [0;39m | [1;33mThread-7[0;39m | [1;32morg.springframework.scheduling.concurrent.ThreadPoolTaskExecutor[0;39m | Shutting down ExecutorService 'taskExecutor'
2024-08-13 22:27:41 | [34mINFO [0;39m | [1;33mrestartedMain[0;39m | [1;32mcom.example.wangjian.syslog1.SysLog1Application[0;39m | Starting SysLog1Application on SK-20231010BXRV with PID 15688 (D:\works\sys-log1-807\sys-log1\target\classes started by Administrator in D:\works\sys-log1-807\sys-log1)
2024-08-13 22:27:41 | [34mINFO [0;39m | [1;33mrestartedMain[0;39m | [1;32mcom.example.wangjian.syslog1.SysLog1Application[0;39m | The following profiles are active: tst
2024-08-13 22:27:41 | [34mINFO [0;39m | [1;33mrestartedMain[0;39m | [1;32morg.springframework.boot.devtools.env.DevToolsPropertyDefaultsPostProcessor[0;39m | Devtools property defaults active! Set 'spring.devtools.add-properties' to 'false' to disable
2024-08-13 22:27:41 | [34mINFO [0;39m | [1;33mrestartedMain[0;39m | [1;32morg.springframework.boot.devtools.env.DevToolsPropertyDefaultsPostProcessor[0;39m | For additional web related logging consider setting the 'logging.level.web' property to 'DEBUG'
2024-08-13 22:27:41 | [34mINFO [0;39m | [1;33mrestartedMain[0;39m | [1;32morg.springframework.boot.web.embedded.tomcat.TomcatWebServer[0;39m | Tomcat initialized with port(s): 8331 (http)
2024-08-13 22:27:41 | [34mINFO [0;39m | [1;33mrestartedMain[0;39m | [1;32morg.apache.coyote.http11.Http11NioProtocol[0;39m | Initializing ProtocolHandler ["http-nio-8331"]
2024-08-13 22:27:41 | [34mINFO [0;39m | [1;33mrestartedMain[0;39m | [1;32morg.apache.catalina.core.StandardService[0;39m | Starting service [Tomcat]
2024-08-13 22:27:41 | [34mINFO [0;39m | [1;33mrestartedMain[0;39m | [1;32morg.apache.catalina.core.StandardEngine[0;39m | Starting Servlet engine: [Apache Tomcat/9.0.33]
2024-08-13 22:27:42 | [34mINFO [0;39m | [1;33mrestartedMain[0;39m | [1;32morg.apache.jasper.servlet.TldScanner[0;39m | At least one JAR was scanned for TLDs yet contained no TLDs. Enable debug logging for this logger for a complete list of JARs that were scanned but no TLDs were found in them. Skipping unneeded JARs during scanning can improve startup time and JSP compilation time.
2024-08-13 22:27:42 | [34mINFO [0;39m | [1;33mrestartedMain[0;39m | [1;32morg.apache.catalina.core.ContainerBase.[Tomcat].[localhost].[/log][0;39m | Initializing Spring embedded WebApplicationContext
2024-08-13 22:27:42 | [34mINFO [0;39m | [1;33mrestartedMain[0;39m | [1;32morg.springframework.boot.web.servlet.context.ServletWebServerApplicationContext[0;39m | Root WebApplicationContext: initialization completed in 747 ms
2024-08-13 22:27:42 | [34mINFO [0;39m | [1;33mrestartedMain[0;39m | [1;32morg.springframework.scheduling.concurrent.ThreadPoolTaskExecutor[0;39m | Initializing ExecutorService 'taskExecutor'
2024-08-13 22:27:42 | [34mINFO [0;39m | [1;33mrestartedMain[0;39m | [1;32morg.springframework.boot.autoconfigure.web.servlet.WelcomePageHandlerMapping[0;39m | Adding welcome page template: index
2024-08-13 22:27:42 | [34mINFO [0;39m | [1;33mrestartedMain[0;39m | [1;32morg.springframework.boot.devtools.autoconfigure.OptionalLiveReloadServer[0;39m | LiveReload server is running on port 35729
2024-08-13 22:27:42 | [34mINFO [0;39m | [1;33mrestartedMain[0;39m | [1;32morg.apache.coyote.http11.Http11NioProtocol[0;39m | Starting ProtocolHandler ["http-nio-8331"]
2024-08-13 22:27:42 | [34mINFO [0;39m | [1;33mrestartedMain[0;39m | [1;32morg.springframework.boot.web.embedded.tomcat.TomcatWebServer[0;39m | Tomcat started on port(s): 8331 (http) with context path '/log'
2024-08-13 22:27:42 | [34mINFO [0;39m | [1;33mrestartedMain[0;39m | [1;32mcom.example.wangjian.syslog1.SysLog1Application[0;39m | Started SysLog1Application in 1.411 seconds (JVM running for 1.811)
2024-08-13 22:27:46 | [34mINFO [0;39m | [1;33mhttp-nio-8331-exec-1[0;39m | [1;32morg.apache.catalina.core.ContainerBase.[Tomcat].[localhost].[/log][0;39m | Initializing Spring DispatcherServlet 'dispatcherServlet'
2024-08-13 22:27:46 | [34mINFO [0;39m | [1;33mhttp-nio-8331-exec-1[0;39m | [1;32morg.springframework.web.servlet.DispatcherServlet[0;39m | Initializing Servlet 'dispatcherServlet'
2024-08-13 22:27:46 | [34mINFO [0;39m | [1;33mhttp-nio-8331-exec-1[0;39m | [1;32morg.springframework.web.servlet.DispatcherServlet[0;39m | Completed initialization in 4 ms
2024-08-13 22:28:17 | [34mINFO [0;39m | [1;33mSpringContextShutdownHook[0;39m | [1;32morg.springframework.scheduling.concurrent.ThreadPoolTaskExecutor[0;39m | Shutting down ExecutorService 'taskExecutor'
2024-08-13 22:40:47 | [34mINFO [0;39m | [1;33mrestartedMain[0;39m | [1;32mcom.example.wangjian.syslog1.SysLog1Application[0;39m | Starting SysLog1Application on SK-20231010BXRV with PID 16340 (D:\works\sys-log1-807\sys-log1\target\classes started by Administrator in D:\works\sys-log1-807\sys-log1)
2024-08-13 22:40:47 | [34mINFO [0;39m | [1;33mrestartedMain[0;39m | [1;32mcom.example.wangjian.syslog1.SysLog1Application[0;39m | The following profiles are active: tst
2024-08-13 22:40:47 | [34mINFO [0;39m | [1;33mrestartedMain[0;39m | [1;32morg.springframework.boot.devtools.env.DevToolsPropertyDefaultsPostProcessor[0;39m | Devtools property defaults active! Set 'spring.devtools.add-properties' to 'false' to disable
2024-08-13 22:40:47 | [34mINFO [0;39m | [1;33mrestartedMain[0;39m | [1;32morg.springframework.boot.devtools.env.DevToolsPropertyDefaultsPostProcessor[0;39m | For additional web related logging consider setting the 'logging.level.web' property to 'DEBUG'
2024-08-13 22:40:48 | [34mINFO [0;39m | [1;33mrestartedMain[0;39m | [1;32morg.springframework.boot.web.embedded.tomcat.TomcatWebServer[0;39m | Tomcat initialized with port(s): 8331 (http)
2024-08-13 22:40:48 | [34mINFO [0;39m | [1;33mrestartedMain[0;39m | [1;32morg.apache.coyote.http11.Http11NioProtocol[0;39m | Initializing ProtocolHandler ["http-nio-8331"]
2024-08-13 22:40:48 | [34mINFO [0;39m | [1;33mrestartedMain[0;39m | [1;32morg.apache.catalina.core.StandardService[0;39m | Starting service [Tomcat]
2024-08-13 22:40:48 | [34mINFO [0;39m | [1;33mrestartedMain[0;39m | [1;32morg.apache.catalina.core.StandardEngine[0;39m | Starting Servlet engine: [Apache Tomcat/9.0.33]
2024-08-13 22:40:49 | [34mINFO [0;39m | [1;33mrestartedMain[0;39m | [1;32morg.apache.jasper.servlet.TldScanner[0;39m | At least one JAR was scanned for TLDs yet contained no TLDs. Enable debug logging for this logger for a complete list of JARs that were scanned but no TLDs were found in them. Skipping unneeded JARs during scanning can improve startup time and JSP compilation time.
2024-08-13 22:40:49 | [34mINFO [0;39m | [1;33mrestartedMain[0;39m | [1;32morg.apache.catalina.core.ContainerBase.[Tomcat].[localhost].[/log][0;39m | Initializing Spring embedded WebApplicationContext
2024-08-13 22:40:49 | [34mINFO [0;39m | [1;33mrestartedMain[0;39m | [1;32morg.springframework.boot.web.servlet.context.ServletWebServerApplicationContext[0;39m | Root WebApplicationContext: initialization completed in 1445 ms
2024-08-13 22:40:49 | [34mINFO [0;39m | [1;33mrestartedMain[0;39m | [1;32morg.springframework.scheduling.concurrent.ThreadPoolTaskExecutor[0;39m | Initializing ExecutorService 'taskExecutor'
2024-08-13 22:40:49 | [34mINFO [0;39m | [1;33mrestartedMain[0;39m | [1;32morg.springframework.boot.autoconfigure.web.servlet.WelcomePageHandlerMapping[0;39m | Adding welcome page template: index
2024-08-13 22:40:49 | [34mINFO [0;39m | [1;33mrestartedMain[0;39m | [1;32morg.springframework.boot.devtools.autoconfigure.OptionalLiveReloadServer[0;39m | LiveReload server is running on port 35729
2024-08-13 22:40:49 | [34mINFO [0;39m | [1;33mrestartedMain[0;39m | [1;32morg.apache.coyote.http11.Http11NioProtocol[0;39m | Starting ProtocolHandler ["http-nio-8331"]
2024-08-13 22:40:49 | [34mINFO [0;39m | [1;33mrestartedMain[0;39m | [1;32morg.springframework.boot.web.embedded.tomcat.TomcatWebServer[0;39m | Tomcat started on port(s): 8331 (http) with context path '/log'
2024-08-13 22:40:49 | [34mINFO [0;39m | [1;33mrestartedMain[0;39m | [1;32mcom.example.wangjian.syslog1.SysLog1Application[0;39m | Started SysLog1Application in 2.695 seconds (JVM running for 3.191)
2024-08-13 22:40:51 | [34mINFO [0;39m | [1;33mSpringContextShutdownHook[0;39m | [1;32morg.springframework.scheduling.concurrent.ThreadPoolTaskExecutor[0;39m | Shutting down ExecutorService 'taskExecutor'
